<?xml version="1.0" encoding="UTF-8"?>
<!-- Generated by org.testng.reporters.JUnitXMLReporter -->
<testsuite ignored="0" hostname="LTIN263693" failures="0" tests="3" name="Default test" time="0.235" errors="0" timestamp="2023-04-19T13:39:15 IST">
  <testcase classname="com.testing.utils.JsonFileUtils" name="printLogin" time="0.022"/>
  <testcase classname="com.testing.utils.JsonFileUtils" name="printLogin" time="0.004"/>
  <testcase classname="com.testing.utils.JsonFileUtils" name="printLogin" time="0.004"/>
</testsuite> <!-- Default test -->
