<?xml version="1.0" encoding="UTF-8"?>
<!-- Generated by org.testng.reporters.JUnitXMLReporter -->
<testsuite ignored="0" hostname="Logan" failures="2" tests="17" name="End-to-End WebTesting" time="21.658" errors="0" timestamp="2023-08-14T15:02:34 IST">
  <testcase classname="com.testing.testcases.TC01_Login" name="loginTest" time="0.384"/>
  <testcase classname="com.testing.testcases.TC01_Login" name="loginTest" time="0.161">
    <failure type="java.lang.AssertionError" message="null">
      <![CDATA[java.lang.AssertionError: null
at com.testing.testcases.TC01_Login.loginTest(TC01_Login.java:38)
at java.base/java.util.ArrayList.forEach(ArrayList.java:1511)
... Removed 33 stack frames]]>
    </failure>
  </testcase> <!-- loginTest -->
  <testcase classname="com.testing.testcases.TC01_Login" name="loginTest" time="0.245"/>
  <testcase classname="com.testing.testcases.TC01_Login" name="loginTest" time="0.124">
    <failure type="java.lang.AssertionError" message="null">
      <![CDATA[java.lang.AssertionError: null
at com.testing.testcases.TC01_Login.loginTest(TC01_Login.java:38)
at java.base/java.util.ArrayList.forEach(ArrayList.java:1511)
... Removed 33 stack frames]]>
    </failure>
  </testcase> <!-- loginTest -->
  <testcase classname="com.testing.testcases.TC01_Login" name="loginTest" time="5.233"/>
  <testcase classname="com.testing.testcases.TC02_SortProducts" name="login" time="0.138"/>
  <testcase classname="com.testing.testcases.TC02_SortProducts" name="sorting" time="0.145"/>
  <testcase classname="com.testing.testcases.TC02_SortProducts" name="sorting" time="0.111"/>
  <testcase classname="com.testing.testcases.TC02_SortProducts" name="sorting" time="0.112"/>
  <testcase classname="com.testing.testcases.TC02_SortProducts" name="sorting" time="0.113"/>
  <testcase classname="com.testing.testcases.TC03_AddToCart" name="login" time="0.14"/>
  <testcase classname="com.testing.testcases.TC03_AddToCart" name="addProductToCart" time="0.182"/>
  <testcase classname="com.testing.testcases.TC03_AddToCart" name="removeProductFromCart" time="0.075"/>
  <testcase classname="com.testing.testcases.TC04_Checkout" name="login" time="0.135"/>
  <testcase classname="com.testing.testcases.TC04_Checkout" name="addProductToCart" time="0.108"/>
  <testcase classname="com.testing.testcases.TC04_Checkout" name="checkoutTheProduct" time="0.171"/>
  <testcase classname="com.testing.testcases.TC04_Checkout" name="finishCheckout" time="0.072"/>
</testsuite> <!-- End-to-End WebTesting -->
