<?xml version="1.0" encoding="UTF-8"?>
<testsuite xmlns:xsi="http://www.w3.org/2001/XMLSchema-instance" xsi:noNamespaceSchemaLocation="https://maven.apache.org/surefire/maven-surefire-plugin/xsd/surefire-test-report-3.0.xsd" version="3.0" name="TestSuite" time="30.31" tests="17" errors="0" skipped="0" failures="2">
  <properties>
[...]
</properties>
  <testcase name="loginTest[standard_user, secret_sauce](1)" classname="com.testing.testcases.TC01_Login" time="0.779">
    <system-out><![CDATA[ INFO [main] (BaseClassSD.java:58)- Chrome Browser opened
trying to open url
url opened
 INFO [main] (BaseClassSD.java:73)- URL opened
 INFO [main] (LoginPage.java:24)- @LoginPage-Username entered
 INFO [main] (LoginPage.java:26)- @LoginPage-Password entered
 INFO [main] (LoginPage.java:28)- @LoginPage-login button clicked
 INFO [main] (TC01_Login.java:32)- ProductPage url verified. Login successful!
 INFO [main] (ProductsPage.java:87)- @InventoryPage-MoreOptions button clicked
 INFO [main] (ProductsPage.java:89)- @InventoryPage-Logout button clicked
]]></system-out>
    <system-err><![CDATA[SLF4J: Failed to load class "org.slf4j.impl.StaticLoggerBinder".
SLF4J: Defaulting to no-operation (NOP) logger implementation
SLF4J: See http://www.slf4j.org/codes.html#StaticLoggerBinder for further details.
Starting ChromeDriver 114.0.5735.90 (386bc09e8f4f2e025eddae123f36f6263096ae49-refs/branch-heads/5735@{#1052}) on port 34379
Only local connections are allowed.
Please see https://chromedriver.chromium.org/security-considerations for suggestions on keeping ChromeDriver safe.
ChromeDriver was started successfully.
[1692004799.600][WARNING]: This version of ChromeDriver has not been tested with Chrome version 115.
Aug 14, 2023 2:50:01 PM org.openqa.selenium.devtools.CdpVersionFinder findNearestMatch
WARNING: Unable to find CDP implementation matching 115
Aug 14, 2023 2:50:01 PM org.openqa.selenium.chromium.ChromiumDriver lambda$new$3
WARNING: Unable to find version of CDP to use for . You may need to include a dependency on a specific version of the CDP using something similar to `org.seleniumhq.selenium:selenium-devtools-v86:4.6.0` where the version ("v86") matches the version of the chromium-based browser you're using and the version number of the artifact is the same as Selenium's.
]]></system-err>
  </testcase>
  <testcase name="loginTest[locked_out_user, secret_sauce](2)" classname="com.testing.testcases.TC01_Login" time="0.584">
    <failure message="null" type="java.lang.AssertionError"><![CDATA[java.lang.AssertionError: null
	at org.testng.Assert.fail(Assert.java:110)
	at org.testng.Assert.fail(Assert.java:115)
	at com.testing.testcases.TC01_Login.loginTest(TC01_Login.java:38)
	at java.base/jdk.internal.reflect.NativeMethodAccessorImpl.invoke0(Native Method)
	at java.base/jdk.internal.reflect.NativeMethodAccessorImpl.invoke(NativeMethodAccessorImpl.java:62)
	at java.base/jdk.internal.reflect.DelegatingMethodAccessorImpl.invoke(DelegatingMethodAccessorImpl.java:43)
	at java.base/java.lang.reflect.Method.invoke(Method.java:564)
	at org.testng.internal.invokers.MethodInvocationHelper.invokeMethod(MethodInvocationHelper.java:139)
	at org.testng.internal.invokers.TestInvoker.invokeMethod(TestInvoker.java:677)
	at org.testng.internal.invokers.TestInvoker.invokeTestMethod(TestInvoker.java:221)
	at org.testng.internal.invokers.MethodRunner.runInSequence(MethodRunner.java:50)
	at org.testng.internal.invokers.TestInvoker$MethodInvocationAgent.invoke(TestInvoker.java:969)
	at org.testng.internal.invokers.TestInvoker.invokeTestMethods(TestInvoker.java:194)
	at org.testng.internal.invokers.TestMethodWorker.invokeTestMethods(TestMethodWorker.java:148)
	at org.testng.internal.invokers.TestMethodWorker.run(TestMethodWorker.java:128)
	at java.base/java.util.ArrayList.forEach(ArrayList.java:1511)
	at org.testng.TestRunner.privateRun(TestRunner.java:829)
	at org.testng.TestRunner.run(TestRunner.java:602)
	at org.testng.SuiteRunner.runTest(SuiteRunner.java:437)
	at org.testng.SuiteRunner.runSequentially(SuiteRunner.java:431)
	at org.testng.SuiteRunner.privateRun(SuiteRunner.java:391)
	at org.testng.SuiteRunner.run(SuiteRunner.java:330)
	at org.testng.SuiteRunnerWorker.runSuite(SuiteRunnerWorker.java:52)
	at org.testng.SuiteRunnerWorker.run(SuiteRunnerWorker.java:95)
	at org.testng.TestNG.runSuitesSequentially(TestNG.java:1256)
	at org.testng.TestNG.runSuitesLocally(TestNG.java:1176)
	at org.testng.TestNG.runSuites(TestNG.java:1099)
	at org.testng.TestNG.run(TestNG.java:1067)
	at org.apache.maven.surefire.testng.TestNGExecutor.run(TestNGExecutor.java:308)
	at org.apache.maven.surefire.testng.TestNGXmlTestSuite.execute(TestNGXmlTestSuite.java:71)
	at org.apache.maven.surefire.testng.TestNGProvider.invoke(TestNGProvider.java:113)
	at org.apache.maven.surefire.booter.ForkedBooter.runSuitesInProcess(ForkedBooter.java:385)
	at org.apache.maven.surefire.booter.ForkedBooter.execute(ForkedBooter.java:162)
	at org.apache.maven.surefire.booter.ForkedBooter.run(ForkedBooter.java:507)
	at org.apache.maven.surefire.booter.ForkedBooter.main(ForkedBooter.java:495)
]]></failure>
    <system-out><![CDATA[ INFO [main] (LoginPage.java:24)- @LoginPage-Username entered
 INFO [main] (LoginPage.java:26)- @LoginPage-Password entered
 INFO [main] (LoginPage.java:28)- @LoginPage-login button clicked
 INFO [main] (TC01_Login.java:37)- Login error. Invalid username or password
 INFO [main] (BaseClassSD.java:90)- Screenshot taken.
]]></system-out>
  </testcase>
  <testcase name="loginTest[problem_user, secret_sauce](3)" classname="com.testing.testcases.TC01_Login" time="0.581">
    <system-out><![CDATA[ INFO [main] (LoginPage.java:24)- @LoginPage-Username entered
 INFO [main] (LoginPage.java:26)- @LoginPage-Password entered
 INFO [main] (LoginPage.java:28)- @LoginPage-login button clicked
 INFO [main] (TC01_Login.java:32)- ProductPage url verified. Login successful!
 INFO [main] (ProductsPage.java:87)- @InventoryPage-MoreOptions button clicked
 INFO [main] (ProductsPage.java:89)- @InventoryPage-Logout button clicked
]]></system-out>
  </testcase>
  <testcase name="loginTest[wrong_user, wrong_password](4)" classname="com.testing.testcases.TC01_Login" time="0.412">
    <failure message="null" type="java.lang.AssertionError"><![CDATA[java.lang.AssertionError: null
	at org.testng.Assert.fail(Assert.java:110)
	at org.testng.Assert.fail(Assert.java:115)
	at com.testing.testcases.TC01_Login.loginTest(TC01_Login.java:38)
	at java.base/jdk.internal.reflect.NativeMethodAccessorImpl.invoke0(Native Method)
	at java.base/jdk.internal.reflect.NativeMethodAccessorImpl.invoke(NativeMethodAccessorImpl.java:62)
	at java.base/jdk.internal.reflect.DelegatingMethodAccessorImpl.invoke(DelegatingMethodAccessorImpl.java:43)
	at java.base/java.lang.reflect.Method.invoke(Method.java:564)
	at org.testng.internal.invokers.MethodInvocationHelper.invokeMethod(MethodInvocationHelper.java:139)
	at org.testng.internal.invokers.TestInvoker.invokeMethod(TestInvoker.java:677)
	at org.testng.internal.invokers.TestInvoker.invokeTestMethod(TestInvoker.java:221)
	at org.testng.internal.invokers.MethodRunner.runInSequence(MethodRunner.java:50)
	at org.testng.internal.invokers.TestInvoker$MethodInvocationAgent.invoke(TestInvoker.java:969)
	at org.testng.internal.invokers.TestInvoker.invokeTestMethods(TestInvoker.java:194)
	at org.testng.internal.invokers.TestMethodWorker.invokeTestMethods(TestMethodWorker.java:148)
	at org.testng.internal.invokers.TestMethodWorker.run(TestMethodWorker.java:128)
	at java.base/java.util.ArrayList.forEach(ArrayList.java:1511)
	at org.testng.TestRunner.privateRun(TestRunner.java:829)
	at org.testng.TestRunner.run(TestRunner.java:602)
	at org.testng.SuiteRunner.runTest(SuiteRunner.java:437)
	at org.testng.SuiteRunner.runSequentially(SuiteRunner.java:431)
	at org.testng.SuiteRunner.privateRun(SuiteRunner.java:391)
	at org.testng.SuiteRunner.run(SuiteRunner.java:330)
	at org.testng.SuiteRunnerWorker.runSuite(SuiteRunnerWorker.java:52)
	at org.testng.SuiteRunnerWorker.run(SuiteRunnerWorker.java:95)
	at org.testng.TestNG.runSuitesSequentially(TestNG.java:1256)
	at org.testng.TestNG.runSuitesLocally(TestNG.java:1176)
	at org.testng.TestNG.runSuites(TestNG.java:1099)
	at org.testng.TestNG.run(TestNG.java:1067)
	at org.apache.maven.surefire.testng.TestNGExecutor.run(TestNGExecutor.java:308)
	at org.apache.maven.surefire.testng.TestNGXmlTestSuite.execute(TestNGXmlTestSuite.java:71)
	at org.apache.maven.surefire.testng.TestNGProvider.invoke(TestNGProvider.java:113)
	at org.apache.maven.surefire.booter.ForkedBooter.runSuitesInProcess(ForkedBooter.java:385)
	at org.apache.maven.surefire.booter.ForkedBooter.execute(ForkedBooter.java:162)
	at org.apache.maven.surefire.booter.ForkedBooter.run(ForkedBooter.java:507)
	at org.apache.maven.surefire.booter.ForkedBooter.main(ForkedBooter.java:495)
]]></failure>
    <system-out><![CDATA[ INFO [main] (LoginPage.java:24)- @LoginPage-Username entered
 INFO [main] (LoginPage.java:26)- @LoginPage-Password entered
 INFO [main] (LoginPage.java:28)- @LoginPage-login button clicked
 INFO [main] (TC01_Login.java:37)- Login error. Invalid username or password
 INFO [main] (BaseClassSD.java:90)- Screenshot taken.
]]></system-out>
  </testcase>
  <testcase name="loginTest[performance_glitch_user, secret_sauce](5)" classname="com.testing.testcases.TC01_Login" time="5.516">
    <system-out><![CDATA[ INFO [main] (LoginPage.java:24)- @LoginPage-Username entered
 INFO [main] (LoginPage.java:26)- @LoginPage-Password entered
 INFO [main] (LoginPage.java:28)- @LoginPage-login button clicked
 INFO [main] (TC01_Login.java:32)- ProductPage url verified. Login successful!
 INFO [main] (ProductsPage.java:87)- @InventoryPage-MoreOptions button clicked
 INFO [main] (ProductsPage.java:89)- @InventoryPage-Logout button clicked
]]></system-out>
  </testcase>
  <testcase name="login[standard_user, secret_sauce](1)" classname="com.testing.testcases.TC02_SortProducts" time="0.408">
    <system-out><![CDATA[ INFO [main] (BaseClassSD.java:117)- Browser closed
 INFO [main] (BaseClassSD.java:58)- Chrome Browser opened
trying to open url
url opened
 INFO [main] (BaseClassSD.java:73)- URL opened
 INFO [main] (LoginPage.java:24)- @LoginPage-Username entered
 INFO [main] (LoginPage.java:26)- @LoginPage-Password entered
 INFO [main] (LoginPage.java:28)- @LoginPage-login button clicked
]]></system-out>
    <system-err><![CDATA[Aug 14, 2023 2:50:12 PM org.openqa.selenium.remote.http.WebSocket$Listener onError
WARNING: Connection reset
java.net.SocketException: Connection reset
	at java.base/sun.nio.ch.SocketChannelImpl.throwConnectionReset(SocketChannelImpl.java:345)
	at java.base/sun.nio.ch.SocketChannelImpl.read(SocketChannelImpl.java:376)
	at java.net.http/jdk.internal.net.http.SocketTube.readAvailable(SocketTube.java:1153)
	at java.net.http/jdk.internal.net.http.SocketTube$InternalReadPublisher$InternalReadSubscription.read(SocketTube.java:821)
	at java.net.http/jdk.internal.net.http.SocketTube$SocketFlowTask.run(SocketTube.java:175)
	at java.net.http/jdk.internal.net.http.common.SequentialScheduler$SchedulableTask.run(SequentialScheduler.java:198)
	at java.net.http/jdk.internal.net.http.common.SequentialScheduler.runOrSchedule(SequentialScheduler.java:271)
	at java.net.http/jdk.internal.net.http.common.SequentialScheduler.runOrSchedule(SequentialScheduler.java:224)
	at java.net.http/jdk.internal.net.http.SocketTube$InternalReadPublisher$InternalReadSubscription.signalReadable(SocketTube.java:763)
	at java.net.http/jdk.internal.net.http.SocketTube$InternalReadPublisher$ReadEvent.signalEvent(SocketTube.java:941)
	at java.net.http/jdk.internal.net.http.SocketTube$SocketFlowEvent.handle(SocketTube.java:245)
	at java.net.http/jdk.internal.net.http.HttpClientImpl$SelectorManager.handleEvent(HttpClientImpl.java:968)
	at java.net.http/jdk.internal.net.http.HttpClientImpl$SelectorManager.lambda$run$3(HttpClientImpl.java:923)
	at java.base/java.util.ArrayList.forEach(ArrayList.java:1511)
	at java.net.http/jdk.internal.net.http.HttpClientImpl$SelectorManager.run(HttpClientImpl.java:923)

Starting ChromeDriver 114.0.5735.90 (386bc09e8f4f2e025eddae123f36f6263096ae49-refs/branch-heads/5735@{#1052}) on port 37041
Only local connections are allowed.
Please see https://chromedriver.chromium.org/security-considerations for suggestions on keeping ChromeDriver safe.
ChromeDriver was started successfully.
[1692004814.256][WARNING]: This version of ChromeDriver has not been tested with Chrome version 115.
Aug 14, 2023 2:50:14 PM org.openqa.selenium.devtools.CdpVersionFinder findNearestMatch
WARNING: Unable to find CDP implementation matching 115
Aug 14, 2023 2:50:14 PM org.openqa.selenium.chromium.ChromiumDriver lambda$new$3
WARNING: Unable to find version of CDP to use for . You may need to include a dependency on a specific version of the CDP using something similar to `org.seleniumhq.selenium:selenium-devtools-v86:4.6.0` where the version ("v86") matches the version of the chromium-based browser you're using and the version number of the artifact is the same as Selenium's.
]]></system-err>
  </testcase>
  <testcase name="sorting[Name (Z to A)](1)" classname="com.testing.testcases.TC02_SortProducts" time="0.39">
    <system-out><![CDATA[ INFO [main] (ProductsPage.java:42)- @InventoryPage-SortBy dropdown clicked.
 INFO [main] (ProductsPage.java:44)- @InventoryPage-Name (Z to A) button clicked
]]></system-out>
  </testcase>
  <testcase name="sorting[Name (A to Z)](2)" classname="com.testing.testcases.TC02_SortProducts" time="0.308">
    <system-out><![CDATA[ INFO [main] (ProductsPage.java:42)- @InventoryPage-SortBy dropdown clicked.
 INFO [main] (ProductsPage.java:44)- @InventoryPage-Name (A to Z) button clicked
]]></system-out>
  </testcase>
  <testcase name="sorting[Price (low to high)](3)" classname="com.testing.testcases.TC02_SortProducts" time="0.328">
    <system-out><![CDATA[ INFO [main] (ProductsPage.java:42)- @InventoryPage-SortBy dropdown clicked.
 INFO [main] (ProductsPage.java:44)- @InventoryPage-Price (low to high) button clicked
]]></system-out>
  </testcase>
  <testcase name="sorting[Price (high to low)](4)" classname="com.testing.testcases.TC02_SortProducts" time="0.318">
    <system-out><![CDATA[ INFO [main] (ProductsPage.java:42)- @InventoryPage-SortBy dropdown clicked.
 INFO [main] (ProductsPage.java:44)- @InventoryPage-Price (high to low) button clicked
]]></system-out>
  </testcase>
  <testcase name="login[standard_user, secret_sauce](1)" classname="com.testing.testcases.TC03_AddToCart" time="0.392">
    <system-out><![CDATA[ INFO [main] (ProductsPage.java:87)- @InventoryPage-MoreOptions button clicked
 INFO [main] (ProductsPage.java:89)- @InventoryPage-Logout button clicked
 INFO [main] (BaseClassSD.java:117)- Browser closed
 INFO [main] (BaseClassSD.java:58)- Chrome Browser opened
trying to open url
url opened
 INFO [main] (BaseClassSD.java:73)- URL opened
 INFO [main] (LoginPage.java:24)- @LoginPage-Username entered
 INFO [main] (LoginPage.java:26)- @LoginPage-Password entered
 INFO [main] (LoginPage.java:28)- @LoginPage-login button clicked
]]></system-out>
    <system-err><![CDATA[Aug 14, 2023 2:50:18 PM org.openqa.selenium.remote.http.WebSocket$Listener onError
WARNING: Connection reset
java.net.SocketException: Connection reset
	at java.base/sun.nio.ch.SocketChannelImpl.throwConnectionReset(SocketChannelImpl.java:345)
	at java.base/sun.nio.ch.SocketChannelImpl.read(SocketChannelImpl.java:376)
	at java.net.http/jdk.internal.net.http.SocketTube.readAvailable(SocketTube.java:1153)
	at java.net.http/jdk.internal.net.http.SocketTube$InternalReadPublisher$InternalReadSubscription.read(SocketTube.java:821)
	at java.net.http/jdk.internal.net.http.SocketTube$SocketFlowTask.run(SocketTube.java:175)
	at java.net.http/jdk.internal.net.http.common.SequentialScheduler$SchedulableTask.run(SequentialScheduler.java:198)
	at java.net.http/jdk.internal.net.http.common.SequentialScheduler.runOrSchedule(SequentialScheduler.java:271)
	at java.net.http/jdk.internal.net.http.common.SequentialScheduler.runOrSchedule(SequentialScheduler.java:224)
	at java.net.http/jdk.internal.net.http.SocketTube$InternalReadPublisher$InternalReadSubscription.signalReadable(SocketTube.java:763)
	at java.net.http/jdk.internal.net.http.SocketTube$InternalReadPublisher$ReadEvent.signalEvent(SocketTube.java:941)
	at java.net.http/jdk.internal.net.http.SocketTube$SocketFlowEvent.handle(SocketTube.java:245)
	at java.net.http/jdk.internal.net.http.HttpClientImpl$SelectorManager.handleEvent(HttpClientImpl.java:968)
	at java.net.http/jdk.internal.net.http.HttpClientImpl$SelectorManager.lambda$run$3(HttpClientImpl.java:923)
	at java.base/java.util.ArrayList.forEach(ArrayList.java:1511)
	at java.net.http/jdk.internal.net.http.HttpClientImpl$SelectorManager.run(HttpClientImpl.java:923)

Starting ChromeDriver 114.0.5735.90 (386bc09e8f4f2e025eddae123f36f6263096ae49-refs/branch-heads/5735@{#1052}) on port 12849
Only local connections are allowed.
Please see https://chromedriver.chromium.org/security-considerations for suggestions on keeping ChromeDriver safe.
ChromeDriver was started successfully.
[1692004819.696][WARNING]: This version of ChromeDriver has not been tested with Chrome version 115.
Aug 14, 2023 2:50:19 PM org.openqa.selenium.devtools.CdpVersionFinder findNearestMatch
WARNING: Unable to find CDP implementation matching 115
Aug 14, 2023 2:50:19 PM org.openqa.selenium.chromium.ChromiumDriver lambda$new$3
WARNING: Unable to find version of CDP to use for . You may need to include a dependency on a specific version of the CDP using something similar to `org.seleniumhq.selenium:selenium-devtools-v86:4.6.0` where the version ("v86") matches the version of the chromium-based browser you're using and the version number of the artifact is the same as Selenium's.
]]></system-err>
  </testcase>
  <testcase name="addProductToCart" classname="com.testing.testcases.TC03_AddToCart" time="0.255">
    <system-out><![CDATA[ INFO [main] (BaseClassSD.java:99)- scrolling to a element
 INFO [main] (BaseClassSD.java:99)- scrolling to a element
 INFO [main] (ProductsPage.java:82)- @InventoryPage-Cart button clicked.
]]></system-out>
  </testcase>
  <testcase name="removeProductFromCart" classname="com.testing.testcases.TC03_AddToCart" time="0.071">
    <system-out><![CDATA[ INFO [main] (CartPage.java:34)- @CartPage-Remove product button clicked
]]></system-out>
  </testcase>
  <testcase name="login[standard_user, secret_sauce](1)" classname="com.testing.testcases.TC04_Checkout" time="0.396">
    <system-out><![CDATA[ INFO [main] (ProductsPage.java:87)- @InventoryPage-MoreOptions button clicked
 INFO [main] (ProductsPage.java:89)- @InventoryPage-Logout button clicked
 INFO [main] (BaseClassSD.java:117)- Browser closed
 INFO [main] (BaseClassSD.java:58)- Chrome Browser opened
trying to open url
url opened
 INFO [main] (BaseClassSD.java:73)- URL opened
 INFO [main] (LoginPage.java:24)- @LoginPage-Username entered
 INFO [main] (LoginPage.java:26)- @LoginPage-Password entered
 INFO [main] (LoginPage.java:28)- @LoginPage-login button clicked
]]></system-out>
    <system-err><![CDATA[Aug 14, 2023 2:50:21 PM org.openqa.selenium.remote.http.WebSocket$Listener onError
WARNING: Connection reset
java.net.SocketException: Connection reset
	at java.base/sun.nio.ch.SocketChannelImpl.throwConnectionReset(SocketChannelImpl.java:345)
	at java.base/sun.nio.ch.SocketChannelImpl.read(SocketChannelImpl.java:376)
	at java.net.http/jdk.internal.net.http.SocketTube.readAvailable(SocketTube.java:1153)
	at java.net.http/jdk.internal.net.http.SocketTube$InternalReadPublisher$InternalReadSubscription.read(SocketTube.java:821)
	at java.net.http/jdk.internal.net.http.SocketTube$SocketFlowTask.run(SocketTube.java:175)
	at java.net.http/jdk.internal.net.http.common.SequentialScheduler$SchedulableTask.run(SequentialScheduler.java:198)
	at java.net.http/jdk.internal.net.http.common.SequentialScheduler.runOrSchedule(SequentialScheduler.java:271)
	at java.net.http/jdk.internal.net.http.common.SequentialScheduler.runOrSchedule(SequentialScheduler.java:224)
	at java.net.http/jdk.internal.net.http.SocketTube$InternalReadPublisher$InternalReadSubscription.signalReadable(SocketTube.java:763)
	at java.net.http/jdk.internal.net.http.SocketTube$InternalReadPublisher$ReadEvent.signalEvent(SocketTube.java:941)
	at java.net.http/jdk.internal.net.http.SocketTube$SocketFlowEvent.handle(SocketTube.java:245)
	at java.net.http/jdk.internal.net.http.HttpClientImpl$SelectorManager.handleEvent(HttpClientImpl.java:968)
	at java.net.http/jdk.internal.net.http.HttpClientImpl$SelectorManager.lambda$run$3(HttpClientImpl.java:923)
	at java.base/java.util.ArrayList.forEach(ArrayList.java:1511)
	at java.net.http/jdk.internal.net.http.HttpClientImpl$SelectorManager.run(HttpClientImpl.java:923)

Starting ChromeDriver 114.0.5735.90 (386bc09e8f4f2e025eddae123f36f6263096ae49-refs/branch-heads/5735@{#1052}) on port 30143
Only local connections are allowed.
Please see https://chromedriver.chromium.org/security-considerations for suggestions on keeping ChromeDriver safe.
ChromeDriver was started successfully.
[1692004822.969][WARNING]: This version of ChromeDriver has not been tested with Chrome version 115.
Aug 14, 2023 2:50:23 PM org.openqa.selenium.devtools.CdpVersionFinder findNearestMatch
WARNING: Unable to find CDP implementation matching 115
Aug 14, 2023 2:50:23 PM org.openqa.selenium.chromium.ChromiumDriver lambda$new$3
WARNING: Unable to find version of CDP to use for . You may need to include a dependency on a specific version of the CDP using something similar to `org.seleniumhq.selenium:selenium-devtools-v86:4.6.0` where the version ("v86") matches the version of the chromium-based browser you're using and the version number of the artifact is the same as Selenium's.
]]></system-err>
  </testcase>
  <testcase name="addProductToCart" classname="com.testing.testcases.TC04_Checkout" time="0.472">
    <system-out><![CDATA[adding product to cart
 INFO [main] (BaseClassSD.java:99)- scrolling to a element
 INFO [main] (BaseClassSD.java:99)- scrolling to a element
 INFO [main] (BaseClassSD.java:99)- scrolling to a element
product added to cart..
 INFO [main] (BaseClassSD.java:99)- scrolling to a element
 INFO [main] (ProductsPage.java:82)- @InventoryPage-Cart button clicked.
 INFO [main] (CartPage.java:25)- Checking whether products added to cart..
 INFO [main] (CartPage.java:26)- @CartPage-Total products added: 3
]]></system-out>
  </testcase>
  <testcase name="checkoutTheProduct[Sample, user, 54321](1)" classname="com.testing.testcases.TC04_Checkout" time="0.449">
    <system-out><![CDATA[ INFO [main] (CartPage.java:44)- @CartPage-Checkout button clicked.
 INFO [main] (CheckoutInfoPage.java:25)- @CheckoutInfoPage-FirstName entered
 INFO [main] (CheckoutInfoPage.java:27)- @CheckoutInfoPage-LastName entered
 INFO [main] (CheckoutInfoPage.java:29)- @CheckoutInfoPage-ZipCode entered
 INFO [main] (CheckoutInfoPage.java:35)- @CheckoutInfoPage-Continue button clicked
]]></system-out>
  </testcase>
  <testcase name="finishCheckout" classname="com.testing.testcases.TC04_Checkout" time="0.182">
    <system-out><![CDATA[ INFO [main] (ChckoutOverviewPage.java:21)- @CheckoutOverviewPage-Finish button clicked
 INFO [main] (ChckoutCompletePage.java:23)- @CheckoutCompletePage-Order placed successfully!! :)
 INFO [main] (ChckoutCompletePage.java:25)- @CheckoutCompletePage-BackHome button clicked
]]></system-out>
  </testcase>
</testsuite>